<?xml version="1.0" encoding="UTF-8"?>
<!-- Generated by org.testng.reporters.JUnitReportReporter -->
<testsuite hostname="LAPTOP-3V5NP8AQ" failures="0" tests="2" name="testcases.HomePageTest" time="7.796" errors="0" timestamp="2021-04-13T16:43:29 IST" skipped="0">
  <testcase classname="testcases.HomePageTest" name="enterUserName" time="3.734"/>
  <system-out/>
  <testcase classname="testcases.HomePageTest" name="enterUserName" time="4.062"/>
  <system-out/>
</testsuite> <!-- testcases.HomePageTest -->
