<?xml version="1.0" encoding="UTF-8"?>
<!-- Generated by org.testng.reporters.JUnitReportReporter -->
<testsuite hostname="LAPTOP-3V5NP8AQ" failures="0" tests="1" name="testcases.SearchBoxTest" time="6.527" errors="0" timestamp="2021-04-12T13:19:00 IST" skipped="0">
  <testcase classname="testcases.SearchBoxTest" name="searchProduct" time="6.527"/>
  <system-out/>
</testsuite> <!-- testcases.SearchBoxTest -->
