<?xml version="1.0" encoding="UTF-8"?>
<!-- Generated by org.testng.reporters.JUnitReportReporter -->
<testsuite hostname="LAPTOP-3V5NP8AQ" failures="0" tests="2" name="testcases.HomePageTest" time="4.131" errors="0" timestamp="2021-04-12T13:19:00 IST" skipped="0">
  <testcase classname="testcases.HomePageTest" name="enterUserName" time="3.648"/>
  <system-out/>
  <testcase classname="testcases.HomePageTest" name="enterUserName" time="0.483"/>
  <system-out/>
</testsuite> <!-- testcases.HomePageTest -->
